

Processing HomeController#index (for 127.0.0.1 at 2009-04-28 19:06:27) [GET]
Rendering home/index
Completed in 29ms (View: 28, DB: 0) | 200 OK [http://localhost/home/]


Processing HomeController#index (for 127.0.0.1 at 2009-04-28 19:11:28) [GET]
Rendering template within layouts/application
Rendering home/index
Completed in 8ms (View: 7, DB: 0) | 200 OK [http://localhost/home/]


Processing ApplicationController#index (for 127.0.0.1 at 2009-04-28 19:11:28) [GET]

ActionController::RoutingError (No route matches "/stylesheets/et.css" with {:method=>:get}):
  

Rendering rescues/layout (not_found)


Processing ApplicationController#index (for 127.0.0.1 at 2009-04-28 19:11:28) [GET]

ActionController::RoutingError (No route matches "/images/et_logo.png" with {:method=>:get}):
  

Rendering rescues/layout (not_found)


Processing HomeController#index (for 127.0.0.1 at 2009-04-28 19:14:11) [GET]
Rendering template within layouts/application
Rendering home/index
Completed in 3ms (View: 2, DB: 0) | 200 OK [http://localhost/home/]


Processing ApplicationController#index (for 127.0.0.1 at 2009-04-28 19:14:11) [GET]

ActionController::RoutingError (No route matches "/images/et_logo.png" with {:method=>:get}):
  

Rendering rescues/layout (not_found)


Processing ApplicationController#index (for 127.0.0.1 at 2009-04-28 19:14:11) [GET]

ActionController::RoutingError (No route matches "/stylesheets/et.css" with {:method=>:get}):
  

Rendering rescues/layout (not_found)


Processing HomeController#index (for 127.0.0.1 at 2009-04-28 19:14:15) [GET]
Rendering template within layouts/application
Rendering home/index
Completed in 3ms (View: 2, DB: 0) | 200 OK [http://localhost/home/]


Processing ApplicationController#index (for 127.0.0.1 at 2009-04-28 19:14:15) [GET]

ActionController::RoutingError (No route matches "/stylesheets/et.css" with {:method=>:get}):
  

Rendering rescues/layout (not_found)


Processing ApplicationController#index (for 127.0.0.1 at 2009-04-28 19:14:15) [GET]

ActionController::RoutingError (No route matches "/images/et_logo.png" with {:method=>:get}):
  

Rendering rescues/layout (not_found)


Processing HomeController#home (for 127.0.0.1 at 2009-04-28 19:15:23) [GET]

ActionController::UnknownAction (No action responded to home. Actions: index):
  

Rendering rescues/layout (not_found)


Processing HomeController#home (for 127.0.0.1 at 2009-04-28 19:15:24) [GET]

ActionController::UnknownAction (No action responded to home. Actions: index):
  

Rendering rescues/layout (not_found)


Processing HomeController#home (for 127.0.0.1 at 2009-04-28 19:15:33) [GET]

ActionController::UnknownAction (No action responded to home. Actions: index):
  

Rendering rescues/layout (not_found)


Processing HomeController#home (for 127.0.0.1 at 2009-04-28 19:15:36) [GET]
  Parameters: {"id"=>"index"}

ActionController::UnknownAction (No action responded to home. Actions: index):
  

Rendering rescues/layout (not_found)


Processing HomeController#home (for 127.0.0.1 at 2009-04-28 19:15:38) [GET]

ActionController::UnknownAction (No action responded to home. Actions: index):
  

Rendering rescues/layout (not_found)


Processing HomeController#index (for 127.0.0.1 at 2009-04-28 19:16:02) [GET]
Rendering template within layouts/application
Rendering home/index
Completed in 12ms (View: 10, DB: 0) | 200 OK [http://localhost/home/]


Processing ApplicationController#index (for 127.0.0.1 at 2009-04-28 19:16:02) [GET]

ActionController::RoutingError (No route matches "/stylesheets/et.css" with {:method=>:get}):
  

Rendering rescues/layout (not_found)


Processing ApplicationController#index (for 127.0.0.1 at 2009-04-28 19:16:03) [GET]

ActionController::RoutingError (No route matches "/images/et_logo.png" with {:method=>:get}):
  

Rendering rescues/layout (not_found)


Processing HomeController#index (for 127.0.0.1 at 2009-04-28 19:16:16) [GET]
Rendering template within layouts/application
Rendering home/index
Completed in 11ms (View: 9, DB: 0) | 200 OK [http://localhost/home/]


Processing ApplicationController#index (for 127.0.0.1 at 2009-04-28 19:16:16) [GET]

ActionController::RoutingError (No route matches "/stylesheets/et.css" with {:method=>:get}):
  

Rendering rescues/layout (not_found)


Processing ApplicationController#index (for 127.0.0.1 at 2009-04-28 19:16:16) [GET]

ActionController::RoutingError (No route matches "/images/et_logo.png" with {:method=>:get}):
  

Rendering rescues/layout (not_found)


Processing HomeController#index (for 127.0.0.1 at 2009-04-28 19:16:42) [GET]
Rendering template within layouts/application
Rendering home/index
Completed in 3ms (View: 1, DB: 0) | 200 OK [http://localhost/home/]


Processing ApplicationController#index (for 127.0.0.1 at 2009-04-28 19:16:42) [GET]

ActionController::RoutingError (No route matches "/images/et_logo.png" with {:method=>:get}):
  

Rendering rescues/layout (not_found)


Processing ApplicationController#index (for 127.0.0.1 at 2009-04-28 19:16:42) [GET]

ActionController::RoutingError (No route matches "/stylesheets/et.css" with {:method=>:get}):
  

Rendering rescues/layout (not_found)


Processing HomeController#index (for 127.0.0.1 at 2009-04-28 19:17:16) [GET]
Rendering template within layouts/application
Rendering home/index
Completed in 3ms (View: 2, DB: 0) | 200 OK [http://localhost/home/]


Processing ApplicationController#index (for 127.0.0.1 at 2009-04-28 19:17:16) [GET]

ActionController::RoutingError (No route matches "/stylesheets/et.css" with {:method=>:get}):
  

Rendering rescues/layout (not_found)


Processing ApplicationController#index (for 127.0.0.1 at 2009-04-28 19:17:16) [GET]

ActionController::RoutingError (No route matches "/images/et_logo.png" with {:method=>:get}):
  

Rendering rescues/layout (not_found)


Processing HomeController#index (for 127.0.0.1 at 2009-04-28 19:17:20) [GET]
Rendering template within layouts/application
Rendering home/index
Completed in 3ms (View: 2, DB: 0) | 200 OK [http://localhost/home]


Processing ApplicationController#index (for 127.0.0.1 at 2009-04-28 19:17:20) [GET]

ActionController::RoutingError (No route matches "/stylesheets/et.css" with {:method=>:get}):
  

Rendering rescues/layout (not_found)


Processing ApplicationController#index (for 127.0.0.1 at 2009-04-28 19:17:20) [GET]

ActionController::RoutingError (No route matches "/images/et_logo.png" with {:method=>:get}):
  

Rendering rescues/layout (not_found)


Processing HomeController#index (for 127.0.0.1 at 2009-04-28 19:17:21) [GET]
Rendering template within layouts/application
Rendering home/index
Completed in 3ms (View: 1, DB: 0) | 200 OK [http://localhost/home]


Processing ApplicationController#index (for 127.0.0.1 at 2009-04-28 19:17:21) [GET]

ActionController::RoutingError (No route matches "/stylesheets/et.css" with {:method=>:get}):
  

Rendering rescues/layout (not_found)


Processing ApplicationController#index (for 127.0.0.1 at 2009-04-28 19:17:21) [GET]

ActionController::RoutingError (No route matches "/images/et_logo.png" with {:method=>:get}):
  

Rendering rescues/layout (not_found)


Processing HomeController#index (for 127.0.0.1 at 2009-04-28 19:17:21) [GET]
Rendering template within layouts/application
Rendering home/index
Completed in 3ms (View: 2, DB: 0) | 200 OK [http://localhost/home]


Processing ApplicationController#index (for 127.0.0.1 at 2009-04-28 19:17:21) [GET]

ActionController::RoutingError (No route matches "/stylesheets/et.css" with {:method=>:get}):
  

Rendering rescues/layout (not_found)


Processing ApplicationController#index (for 127.0.0.1 at 2009-04-28 19:17:21) [GET]

ActionController::RoutingError (No route matches "/images/et_logo.png" with {:method=>:get}):
  

Rendering rescues/layout (not_found)


Processing HomeController#index (for 127.0.0.1 at 2009-04-28 19:17:22) [GET]
Rendering template within layouts/application
Rendering home/index
Completed in 3ms (View: 1, DB: 0) | 200 OK [http://localhost/home]


Processing ApplicationController#index (for 127.0.0.1 at 2009-04-28 19:17:22) [GET]

ActionController::RoutingError (No route matches "/images/et_logo.png" with {:method=>:get}):
  

Rendering rescues/layout (not_found)


Processing ApplicationController#index (for 127.0.0.1 at 2009-04-28 19:17:22) [GET]

ActionController::RoutingError (No route matches "/stylesheets/et.css" with {:method=>:get}):
  

Rendering rescues/layout (not_found)


Processing HomeController#index (for 127.0.0.1 at 2009-04-28 19:18:38) [GET]
Rendering template within layouts/application
Rendering home/index
Completed in 11ms (View: 9, DB: 0) | 200 OK [http://localhost/home]


Processing ApplicationController#index (for 127.0.0.1 at 2009-04-28 19:18:38) [GET]

ActionController::RoutingError (No route matches "/images/et_logo.png" with {:method=>:get}):
  

Rendering rescues/layout (not_found)


Processing ApplicationController#index (for 127.0.0.1 at 2009-04-28 19:18:38) [GET]

ActionController::RoutingError (No route matches "/stylesheets/et.css" with {:method=>:get}):
  

Rendering rescues/layout (not_found)


Processing HomeController#index (for 127.0.0.1 at 2009-04-28 19:32:54) [GET]
Rendering template within layouts/application
Rendering home/index
Completed in 3ms (View: 2, DB: 0) | 200 OK [http://localhost/home]


Processing ApplicationController#index (for 127.0.0.1 at 2009-04-28 19:32:54) [GET]

ActionController::RoutingError (No route matches "/stylesheets/et.css" with {:method=>:get}):
  

Rendering rescues/layout (not_found)


Processing ApplicationController#index (for 127.0.0.1 at 2009-04-28 19:32:54) [GET]

ActionController::RoutingError (No route matches "/images/et_logo.png" with {:method=>:get}):
  

Rendering rescues/layout (not_found)


Processing HomeController#index (for 127.0.0.1 at 2009-04-28 19:36:33) [GET]
Rendering template within layouts/application
Rendering home/index
Completed in 6ms (View: 4, DB: 0) | 200 OK [http://localhost/home]


Processing ApplicationController#index (for 127.0.0.1 at 2009-04-28 19:36:33) [GET]

ActionController::RoutingError (No route matches "/stylesheets/et.css" with {:method=>:get}):
  

Rendering rescues/layout (not_found)


Processing ApplicationController#index (for 127.0.0.1 at 2009-04-28 19:36:33) [GET]

ActionController::RoutingError (No route matches "/images/et_logo.png" with {:method=>:get}):
  

Rendering rescues/layout (not_found)


Processing HomeController#index (for 127.0.0.1 at 2009-04-28 19:37:29) [GET]
Rendering template within layouts/application
Rendering home/index
Completed in 6ms (View: 4, DB: 0) | 200 OK [http://localhost/home]


Processing ApplicationController#index (for 127.0.0.1 at 2009-04-28 19:37:29) [GET]

ActionController::RoutingError (No route matches "/stylesheets/et.css" with {:method=>:get}):
  

Rendering rescues/layout (not_found)


Processing ApplicationController#index (for 127.0.0.1 at 2009-04-28 19:37:29) [GET]

ActionController::RoutingError (No route matches "/images/et_logo.png" with {:method=>:get}):
  

Rendering rescues/layout (not_found)


Processing HomeController#index (for 127.0.0.1 at 2009-04-28 19:38:36) [GET]
Rendering template within layouts/application
Rendering home/index
Completed in 10ms (View: 8, DB: 0) | 200 OK [http://localhost/home]


Processing ApplicationController#index (for 127.0.0.1 at 2009-04-28 19:38:36) [GET]

ActionController::RoutingError (No route matches "/stylesheets/et.css" with {:method=>:get}):
  

Rendering rescues/layout (not_found)


Processing ApplicationController#index (for 127.0.0.1 at 2009-04-28 19:38:36) [GET]

ActionController::RoutingError (No route matches "/images/et_logo.png" with {:method=>:get}):
  

Rendering rescues/layout (not_found)


Processing HomeController#index (for 127.0.0.1 at 2009-04-28 19:40:56) [GET]
Rendering template within layouts/application
Rendering home/index
Rendered layouts/_tabs (1.3ms)
Completed in 15ms (View: 13, DB: 0) | 200 OK [http://localhost/home]


Processing ApplicationController#index (for 127.0.0.1 at 2009-04-28 19:40:56) [GET]

ActionController::RoutingError (No route matches "/stylesheets/et.css" with {:method=>:get}):
  

Rendering rescues/layout (not_found)


Processing ApplicationController#index (for 127.0.0.1 at 2009-04-28 19:40:56) [GET]

ActionController::RoutingError (No route matches "/images/et_logo.png" with {:method=>:get}):
  

Rendering rescues/layout (not_found)


Processing HomeController#index (for 127.0.0.1 at 2009-04-28 19:41:44) [GET]
Rendering template within layouts/application
Rendering home/index
Rendered layouts/_tabs (0.4ms)
Completed in 8ms (View: 7, DB: 0) | 200 OK [http://localhost/home]


Processing ApplicationController#index (for 127.0.0.1 at 2009-04-28 19:41:44) [GET]

ActionController::RoutingError (No route matches "/stylesheets/et.css" with {:method=>:get}):
  

Rendering rescues/layout (not_found)


Processing ApplicationController#index (for 127.0.0.1 at 2009-04-28 19:41:44) [GET]

ActionController::RoutingError (No route matches "/images/et_logo.png" with {:method=>:get}):
  

Rendering rescues/layout (not_found)


Processing HomeController#index (for 127.0.0.1 at 2009-04-28 19:42:07) [GET]
Rendering template within layouts/application
Rendering home/index
Rendered layouts/_tabs (0.4ms)
Completed in 6ms (View: 5, DB: 0) | 200 OK [http://localhost/home]


Processing ApplicationController#index (for 127.0.0.1 at 2009-04-28 19:42:07) [GET]

ActionController::RoutingError (No route matches "/stylesheets/et.css" with {:method=>:get}):
  

Rendering rescues/layout (not_found)


Processing ApplicationController#index (for 127.0.0.1 at 2009-04-28 19:42:07) [GET]

ActionController::RoutingError (No route matches "/images/et_logo.png" with {:method=>:get}):
  

Rendering rescues/layout (not_found)


Processing HomeController#index (for 127.0.0.1 at 2009-04-28 19:42:32) [GET]
Rendering template within layouts/application
Rendering home/index
Rendered layouts/_tabs (0.4ms)
Completed in 5ms (View: 4, DB: 0) | 200 OK [http://localhost/home]


Processing ApplicationController#index (for 127.0.0.1 at 2009-04-28 19:42:32) [GET]

ActionController::RoutingError (No route matches "/stylesheets/et.css" with {:method=>:get}):
  

Rendering rescues/layout (not_found)


Processing ApplicationController#index (for 127.0.0.1 at 2009-04-28 19:42:33) [GET]

ActionController::RoutingError (No route matches "/images/et_logo.png" with {:method=>:get}):
  

Rendering rescues/layout (not_found)


Processing HomeController#index (for 127.0.0.1 at 2009-04-28 19:44:13) [GET]
Rendering template within layouts/application
Rendering home/index
Rendered layouts/_tabs (0.4ms)
Completed in 6ms (View: 4, DB: 0) | 200 OK [http://localhost/home]


Processing ApplicationController#index (for 127.0.0.1 at 2009-04-28 19:44:13) [GET]

ActionController::RoutingError (No route matches "/stylesheets/et.css" with {:method=>:get}):
  

Rendering rescues/layout (not_found)


Processing ApplicationController#index (for 127.0.0.1 at 2009-04-28 19:44:13) [GET]

ActionController::RoutingError (No route matches "/images/et_logo.png" with {:method=>:get}):
  

Rendering rescues/layout (not_found)


Processing HomeController#index (for 127.0.0.1 at 2009-04-28 19:47:45) [GET]
Rendering template within layouts/application
Rendering home/index
Rendered layouts/_tabs (0.5ms)
Rendered home/_login (0.4ms)
Rendered home/_sample_port (0.3ms)
Rendered home/_leaders (0.4ms)
Completed in 16ms (View: 14, DB: 0) | 200 OK [http://localhost/home]


Processing ApplicationController#index (for 127.0.0.1 at 2009-04-28 19:47:45) [GET]

ActionController::RoutingError (No route matches "/stylesheets/et.css" with {:method=>:get}):
  

Rendering rescues/layout (not_found)


Processing ApplicationController#index (for 127.0.0.1 at 2009-04-28 19:47:45) [GET]

ActionController::RoutingError (No route matches "/images/et_logo.png" with {:method=>:get}):
  

Rendering rescues/layout (not_found)


Processing HomeController#index (for 127.0.0.1 at 2009-04-28 19:48:26) [GET]
Rendering template within layouts/application
Rendering home/index
Rendered layouts/_tabs (0.4ms)
Rendered home/_login (0.0ms)
Rendered home/_sample_port (0.0ms)
Rendered home/_leaders (0.0ms)
Completed in 6ms (View: 5, DB: 0) | 200 OK [http://localhost/home]


Processing ApplicationController#index (for 127.0.0.1 at 2009-04-28 19:48:26) [GET]

ActionController::RoutingError (No route matches "/stylesheets/et.css" with {:method=>:get}):
  

Rendering rescues/layout (not_found)


Processing ApplicationController#index (for 127.0.0.1 at 2009-04-28 19:48:26) [GET]

ActionController::RoutingError (No route matches "/images/et_logo.png" with {:method=>:get}):
  

Rendering rescues/layout (not_found)
